src/App.tsx(56,12): error TS6133: 'isJoining' is declared but its value is never read.
src/components/shared/CodeBlockRenderer.tsx(35,19): error TS2532: Object is possibly 'undefined'.
src/components/shared/DateRangePicker.tsx(53,5): error TS6133: 'singleDateMode' is declared but its value is never read.
src/components/shared/ErrorBoundary.tsx(1,8): error TS6133: 'React' is declared but its value is never read.
src/components/student/StudentProjectsView.tsx(14,1): error TS6133: 'db' is declared but its value is never read.
src/components/student/StudentView.tsx(492,11): error TS6133: 'handleDesktopTabChange' is declared but its value is never read.
src/components/teacher/ClassFormModal.tsx(2,22): error TS6133: 'addDoc' is declared but its value is never read.
src/components/teacher/ShapeOfDay.tsx(4,1): error TS6133: 'db' is declared but its value is never read.
src/components/teacher/TaskInventory.test.tsx(3,1): error TS2304: Cannot find name 'jest'.
src/components/teacher/TaskInventory.test.tsx(10,15): error TS2304: Cannot find name 'jest'.
src/components/teacher/TaskInventory.test.tsx(11,15): error TS2304: Cannot find name 'jest'.
src/components/teacher/TaskInventory.test.tsx(11,24): error TS6133: 'query' is declared but its value is never read.
src/components/teacher/TaskInventory.test.tsx(11,24): error TS7006: Parameter 'query' implicitly has an 'any' type.
src/components/teacher/TaskInventory.test.tsx(11,31): error TS7006: Parameter 'callback' implicitly has an 'any' type.
src/components/teacher/TaskInventory.test.tsx(13,17): error TS6133: 'callback' is declared but its value is never read.
src/components/teacher/TaskInventory.test.tsx(13,17): error TS7006: Parameter 'callback' implicitly has an 'any' type.
src/components/teacher/TaskInventory.test.tsx(17,12): error TS2304: Cannot find name 'jest'.
src/components/teacher/TaskInventory.test.tsx(19,10): error TS2304: Cannot find name 'jest'.
src/components/teacher/TaskInventory.test.tsx(20,10): error TS2304: Cannot find name 'jest'.
src/components/teacher/TaskInventory.test.tsx(23,1): error TS2304: Cannot find name 'jest'.
src/components/teacher/TaskInventory.test.tsx(24,18): error TS2304: Cannot find name 'jest'.
src/components/teacher/TaskInventory.test.tsx(31,1): error TS2582: Cannot find name 'describe'. Do you need to install type definitions for a test runner? Try `npm i --save-dev @types/jest` or `npm i --save-dev @types/mocha`.
src/components/teacher/TaskInventory.test.tsx(32,3): error TS2582: Cannot find name 'it'. Do you need to install type definitions for a test runner? Try `npm i --save-dev @types/jest` or `npm i --save-dev @types/mocha`.
src/components/teacher/TaskInventory.test.tsx(35,5): error TS2304: Cannot find name 'expect'.
src/components/teacher/TaskInventory.test.tsx(38,3): error TS2582: Cannot find name 'it'. Do you need to install type definitions for a test runner? Try `npm i --save-dev @types/jest` or `npm i --save-dev @types/mocha`.
src/components/teacher/TaskInventory.tsx(106,11): error TS6133: 'progress' is declared but its value is never read.
src/components/teacher/TaskInventory.tsx(110,11): error TS6133: 'canHaveChildren' is declared but its value is never read.
src/components/teacher/TaskInventory.tsx(626,11): error TS6133: 'resetCalendarToToday' is declared but its value is never read.
src/components/teacher/TaskInventory.tsx(776,26): error TS2741: Property 'value' is missing in type '{ onChange: (value: string | null) => void; options: { value: string; label: string; }[]; placeholder: string; }' but required in type 'SelectProps<string>'.
src/firebase.ts(42,40): error TS2339: Property 'env' does not exist on type 'ImportMeta'.
src/firebase.ts(56,24): error TS2339: Property 'env' does not exist on type 'ImportMeta'.
src/firebase.ts(61,36): error TS2339: Property 'env' does not exist on type 'ImportMeta'.
src/services/studentDataService.ts(37,7): error TS6133: 'CACHE_KEY_TASKS' is declared but its value is never read.
src/services/telemetryService.ts(48,7): error TS6133: 'MAX_METRICS' is declared but its value is never read.
src/utils/debounce.ts(52,20): error TS2345: Argument of type 'any[]' is not assignable to parameter of type 'Parameters<T>'.
src/utils/debounce.ts(52,23): error TS2488: Type 'NonNullable<Parameters<T>>' must have a '[Symbol.iterator]()' method that returns an iterator.
src/utils/debounce.ts(73,16): error TS2345: Argument of type 'any[]' is not assignable to parameter of type 'Parameters<T>'.
src/utils/debounce.ts(73,19): error TS2488: Type 'NonNullable<Parameters<T>>' must have a '[Symbol.iterator]()' method that returns an iterator.
src/utils/debounce.ts(119,24): error TS2345: Argument of type 'any[]' is not assignable to parameter of type 'Parameters<T>'.
src/utils/debounce.ts(119,27): error TS2488: Type 'NonNullable<Parameters<T>>' must have a '[Symbol.iterator]()' method that returns an iterator.
src/utils/security.ts(214,30): error TS2532: Object is possibly 'undefined'.
